#
# A fatal error has been detected by the Java Runtime Environment:
#
#  EXCEPTION_ACCESS_VIOLATION (0xc0000005) at pc=0x00007ffd1da4d20b, pid=2240, tid=7716
#
# JRE version:  (22.0.2+9) (build )
# Java VM: Java HotSpot(TM) 64-Bit Server VM (22.0.2+9-70, mixed mode, sharing, tiered, compressed oops, compressed class ptrs, g1 gc, windows-amd64)
# Problematic frame:
# V  [jvm.dll+0x7ed20b]
#
# No core dump will be written. Minidumps are not enabled by default on client versions of Windows
#
#

---------------  S U M M A R Y ------------

Command Line: 

Host: AMD Ryzen 7 7735HS with Radeon Graphics        , 16 cores, 31G,  Windows 11 , 64 bit Build 22621 (10.0.22621.3958)
Time: Wed Sep  4 12:41:25 2024  Windows 11 , 64 bit Build 22621 (10.0.22621.3958) elapsed time: 0.033370 seconds (0d 0h 0m 0s)

---------------  T H R E A D  ---------------

Current thread (0x0000018df1a35040):  JavaThread "main"             [_thread_in_vm, id=7716, stack(0x00000039fd000000,0x00000039fd100000) (1024K)]

Stack: [0x00000039fd000000,0x00000039fd100000],  sp=0x00000039fd0feb00,  free space=1018k
Native frames: (J=compiled Java code, j=interpreted, Vv=VM code, C=native code)
V  [jvm.dll+0x7ed20b]  (no source info available)
V  [jvm.dll+0x7ed1b8]  (no source info available)
V  [jvm.dll+0x26d6ab]  (no source info available)
V  [jvm.dll+0x26d8da]  (no source info available)
V  [jvm.dll+0x5e8081]  (no source info available)
V  [jvm.dll+0x5ea6d4]  (no source info available)
V  [jvm.dll+0x3dd76a]  (no source info available)
V  [jvm.dll+0x3dd1f0]  (no source info available)
C  0x0000018d874678d1  (no source info available)

The last pc belongs to getstatic (printed below).
Java frames: (J=compiled Java code, j=interpreted, Vv=VM code)
j  java.lang.System.newPrintStream(Ljava/io/OutputStream;Ljava/lang/String;)Ljava/io/PrintStream;+21 java.base
j  java.lang.System.initPhase1()V+147 java.base
v  ~StubRoutines::call_stub 0x0000018d8745100d

siginfo: EXCEPTION_ACCESS_VIOLATION (0xc0000005), reading address 0x0000000000d300d4


Registers:
RAX=0x0000000000000000, RBX=0x0000000000000000, RCX=0x0000000000d300d0, RDX=0x0000000000000000
RSP=0x00000039fd0feb00, RBP=0x0000000000000001, RSI=0x0000000000d300d0, RDI=0x0000018df1a35040
R8 =0x0000000000000000, R9 =0x0000018df1a35040, R10=0x0000000000000008, R11=0x00000039fd0fef60
R12=0x0000000000d20048, R13=0x00000000000000b2, R14=0x00000039fd0fec88, R15=0x00000000000083b8
RIP=0x00007ffd1da4d20b, EFLAGS=0x0000000000010206


Register to memory mapping:

RAX=0x0 is null
RBX=0x0 is null
RCX=0x0000000000d300d0 is an unknown value
RDX=0x0 is null
RSP=0x00000039fd0feb00 is pointing into the stack for thread: 0x0000018df1a35040
RBP=0x0000000000000001 is an unknown value
RSI=0x0000000000d300d0 is an unknown value
RDI=0x0000018df1a35040 is a thread
R8 =0x0 is null
R9 =0x0000018df1a35040 is a thread
R10=0x0000000000000008 is an unknown value
R11=0x00000039fd0fef60 is pointing into the stack for thread: 0x0000018df1a35040
R12=0x0000000000d20048 is an unknown value
R13=0x00000000000000b2 is an unknown value
R14=0x00000039fd0fec88 is pointing into the stack for thread: 0x0000018df1a35040
R15=0x00000000000083b8 is an unknown value

Top of Stack: (sp=0x00000039fd0feb00)
0x00000039fd0feb00:   00000039fd0fed00 0000018d970e2858
0x00000039fd0feb10:   0000018d970e2368 00007ffd1d84c361
0x00000039fd0feb20:   0000018d970e2858 0000018df1a35040
0x00000039fd0feb30:   0000018df1a35040 00000000000000b8
0x00000039fd0feb40:   00000000000000b5 00000039fd0fece0
0x00000039fd0feb50:   00000000000000b4 00000039fd0fecf0
0x00000039fd0feb60:   0000000000000010 00000039fd0fec88
0x00000039fd0feb70:   00000000000000b2 0000018df1a35040
0x00000039fd0feb80:   0000000000000000 00007ffd1da4d1b8
0x00000039fd0feb90:   0000018d975ea890 00000039fd0fec50
0x00000039fd0feba0:   0000018df1a35040 0000000000000006
0x00000039fd0febb0:   0000000000000000 00007ffd1d4cd6ab
0x00000039fd0febc0:   0000000000000000 0000000000000000
0x00000039fd0febd0:   0000018df1a35040 0000000000000001
0x00000039fd0febe0:   0000018df1a35040 00000039fd0fecb0
0x00000039fd0febf0:   0000018df1a35040 0000018def776d90
0x00000039fd0fec00:   0000018def80eeb0 0000018def80eee8
0x00000039fd0fec10:   0000018def80ef98 00000000000000d8
0x00000039fd0fec20:   00000039fd0ff370 0000018df1a35009
0x00000039fd0fec30:   00000000000000b2 00000039fd0fedd0
0x00000039fd0fec40:   00000000000000b2 00000039fd0fede0
0x00000039fd0fec50:   00000000000083b8 00007ffd1d4cd8da
0x00000039fd0fec60:   0000000000d300d0 0000000000000008
0x00000039fd0fec70:   0000018df1a35040 0000018d975d65e0
0x00000039fd0fec80:   0000018d975d65e0 0000018d975d65e0
0x00000039fd0fec90:   0000018df1a35040 fffffffffffffff7
0x00000039fd0feca0:   00000039fd0fed20 00007ffd1d848081
0x00000039fd0fecb0:   00000039fd0feda0 0000018df1a35040
0x00000039fd0fecc0:   0000000000000000 0000018d97000000
0x00000039fd0fecd0:   0000018df1a35001 0000000000000008
0x00000039fd0fece0:   0000000000000000 00007ffd1d84a6d4
0x00000039fd0fecf0:   0000018df1a35040 00000039fd0fee39 

Instructions: (pc=0x00007ffd1da4d20b)
0x00007ffd1da4d10b:   1d b4 90 1c 00 eb 24 48 8d 4d 6f e8 05 ba b1 ff
0x00007ffd1da4d11b:   48 8b c8 e8 6d 36 d5 ff 48 8b c8 e8 65 8d 9d ff
0x00007ffd1da4d12b:   48 8b c8 e8 ad 0d ff ff 48 8b d8 48 8b 4d 67 e8
0x00007ffd1da4d13b:   a1 0d ff ff 4c 8d 0d 2a b8 27 00 48 89 5c 24 28
0x00007ffd1da4d14b:   4c 8d 05 66 b8 27 00 48 89 44 24 20 ba 69 02 00
0x00007ffd1da4d15b:   00 48 8d 0d 6d b7 27 00 e8 48 2a a9 ff cc 4c 8d
0x00007ffd1da4d16b:   0d 50 b6 27 00 ba 24 00 00 00 4c 8d 05 64 b6 27
0x00007ffd1da4d17b:   00 48 8d 0d ad b6 27 00 e8 28 2a a9 ff cc cc cc
0x00007ffd1da4d18b:   cc cc cc cc cc 48 89 5c 24 08 48 89 6c 24 10 48
0x00007ffd1da4d19b:   89 74 24 18 57 48 83 ec 20 48 8b 7c 24 50 41 0f
0x00007ffd1da4d1ab:   b6 e9 4c 8b cf 48 8b f1 e8 48 00 00 00 48 83 7f
0x00007ffd1da4d1bb:   08 00 48 8b d8 75 05 48 85 c0 75 1c 4c 8b c7 40
0x00007ffd1da4d1cb:   0f b6 d5 48 8b ce e8 0a dd ff ff 33 c0 48 39 47
0x00007ffd1da4d1db:   08 48 0f 45 d8 48 8b c3 48 8b 5c 24 30 48 8b 6c
0x00007ffd1da4d1eb:   24 38 48 8b 74 24 40 48 83 c4 20 5f c3 cc cc cc
0x00007ffd1da4d1fb:   cc cc cc cc cc 40 53 57 41 55 41 56 48 83 ec 68
0x00007ffd1da4d20b:   66 83 79 04 01 4d 8b e9 49 8b d8 48 8b fa 4c 8b
0x00007ffd1da4d21b:   f1 76 13 80 79 06 5b 75 0d e8 27 20 f7 ff 84 c0
0x00007ffd1da4d22b:   74 04 b0 01 eb 02 32 c0 48 89 ac 24 98 00 00 00
0x00007ffd1da4d23b:   48 89 b4 24 a0 00 00 00 4c 89 a4 24 a8 00 00 00
0x00007ffd1da4d24b:   4c 89 7c 24 60 84 c0 0f 84 f0 01 00 00 49 8b b5
0x00007ffd1da4d25b:   20 03 00 00 48 8d 4c 24 28 45 33 c0 49 8b d6 48
0x00007ffd1da4d26b:   8b 46 28 48 8b 6e 10 4c 8b 7e 18 4c 8b 66 20 48
0x00007ffd1da4d27b:   89 44 24 20 e8 7c 15 f7 ff 0f b6 44 24 40 45 33
0x00007ffd1da4d28b:   f6 3c 0d 74 0d 45 8b ce 44 89 b4 24 90 00 00 00
0x00007ffd1da4d29b:   eb 19 48 8d 4c 24 28 e8 c9 23 f7 ff 44 8b c8 89
0x00007ffd1da4d2ab:   84 24 90 00 00 00 0f b6 44 24 40 48 63 54 24 30
0x00007ffd1da4d2bb:   48 8b 4c 24 28 80 7c 0a 06 4c 0f 85 d6 00 00 00
0x00007ffd1da4d2cb:   48 8d 4c 24 28 e8 eb 1d f7 ff 4d 8b cd 4c 8b c3
0x00007ffd1da4d2db:   48 8b d7 48 8b c8 e8 2a f8 ff ff 48 8b d8 4d 39
0x00007ffd1da4d2eb:   75 08 74 43 48 8d 4c 24 28 e8 57 15 f7 ff 4c 39
0x00007ffd1da4d2fb:   75 00 74 15 48 8b 54 24 20 48 8b ce e8 84 6e 8d 


Stack slot to memory mapping:

stack at sp + 0 slots: 0x00000039fd0fed00 is pointing into the stack for thread: 0x0000018df1a35040
stack at sp + 1 slots: {method} {0x0000018d970e2860} 'newLockOrNull' '()Ljdk/internal/misc/InternalLock;' in 'jdk/internal/misc/InternalLock'
stack at sp + 2 slots: 0x0000018d970e2368 is a pointer to class: 
jdk.internal.misc.InternalLock {0x0000018d970e2370}
 - instance size:     2
 - klass size:        69
 - access:            public synchronized 
 - flags:             rewritten has_nonstatic_fields is_shared_boot_class has_localvariable_table 
 - state:             fully_initialized
 - name:              'jdk/internal/misc/InternalLock'
 - super:             'java/lang/Object'
 - sub:               
 - arrays:            null
 - methods:           Array<T>(0x0000018d97761df0)
 - method ordering:   Array<T>(0x0000018d97761ff8)
 - default_methods:   Array<T>(0x0000000000000000)
 - local interfaces:  Array<T>(0x0000018d975d6368)
 - trans. interfaces: Array<T>(0x0000018d975d6368)
 - constants:         constant pool [69] {0x0000018d97761a80} for 'jdk/internal/misc/InternalLock' cache=0x0000018d970e2638
 - class loader data:  loader data: 0x0000018dfe7dfc00 of 'bootstrap'
 - source file:       'InternalLock.java'
 - class annotations:       Array<T>(0x0000000000000000)
 - class type annotations:  Array<T>(0x0000000000000000)
 - field annotations:       Array<T>(0x0000000000000000)
 - field type annotations:  Array<T>(0x0000000000000000)
 - inner classes:     Array<T>(0x0000018d975d62f0)
 - nest members:     Array<T>(0x0000018d975d62f0)
 - permitted subclasses:     Array<T>(0x0000018d975d62f0)
 - java mirror:       a 'java/lang/Class'{0x000000062b01e8a0} = 'jdk/internal/misc/InternalLock'
 - vtable length      9  (start addr: 0x0000018d970e2530)
 - itable length      2 (start addr: 0x0000018d970e2578)
 - ---- static fields (1 words):
 - private static final 'CAN_USE_INTERNAL_LOCK' 'Z' @112 
 - ---- non-static fields (1 words):
 - private final 'lock' 'Ljava/util/concurrent/locks/ReentrantLock;' @12 
 - non-static oop maps: 12-12 
stack at sp + 3 slots: 0x00007ffd1d84c361 jvm.dll
stack at sp + 4 slots: {method} {0x0000018d970e2860} 'newLockOrNull' '()Ljdk/internal/misc/InternalLock;' in 'jdk/internal/misc/InternalLock'
stack at sp + 5 slots: 0x0000018df1a35040 is a thread
stack at sp + 6 slots: 0x0000018df1a35040 is a thread
stack at sp + 7 slots: 0x00000000000000b8 is an unknown value

getstatic  178 getstatic  [0x0000018d87467820, 0x0000018d87467a20]  512 bytes
[MachCode]
  0x0000018d87467820: 4883 ec08 | c5fa 1104 | 24eb 1f48 | 83ec 10c5 | fb11 0424 | eb14 4883 | ec10 4889 | 0424 48c7 
  0x0000018d87467840: 4424 0800 | 0000 00eb | 0150 488b | 4dd0 410f | b755 0148 | 8b49 286b | d218 488d | 4c11 080f 
  0x0000018d87467860: b659 1281 | fbb2 0000 | 000f 84bd | 0000 00bb | b200 0000 | e805 0000 | 00e9 9900 | 0000 488b 
  0x0000018d87467880: d348 8d44 | 2408 4c89 | 6dc0 498b | cfc5 f877 | 4989 afb0 | 0300 0049 | 8987 a003 | 0000 4883 
  0x0000018d874678a0: ec20 40f6 | c40f 0f84 | 1900 0000 | 4883 ec08 | 48b8 90d1 | 631d fd7f | 0000 ffd0 | 4883 c408 
  0x0000018d874678c0: e90c 0000 | 0048 b890 | d163 1dfd | 7f00 00ff | d048 83c4 | 2049 c787 | a003 0000 | 0000 0000 
  0x0000018d874678e0: 49c7 87b0 | 0300 0000 | 0000 0049 | c787 a803 | 0000 0000 | 0000 c5f8 | 7749 837f | 0800 0f84 
  0x0000018d87467900: 0500 0000 | e9f7 95fe | ff4c 8b6d | c04c 8b75 | c84e 8d74 | f500 c348 | 8b4d d041 | 0fb7 5501 
  0x0000018d87467920: 488b 4928 | 6bd2 1848 | 8d4c 1108 | 8b59 080f | b651 110f | b641 104c | 8b09 4d8b | 4970 4d8b 
  0x0000018d87467940: 0985 c00f | 850b 0000 | 0041 0fbe | 0419 50e9 | b500 0000 | 83f8 010f | 850b 0000 | 0041 0fb6 
  0x0000018d87467960: 0419 50e9 | a100 0000 | 83f8 080f | 850e 0000 | 0041 8b04 | 1948 c1e0 | 0350 e98a | 0000 0083 
  0x0000018d87467980: f804 0f85 | 0a00 0000 | 418b 0419 | 50e9 7700 | 0000 83f8 | 020f 850b | 0000 0041 | 0fb7 0419 
  0x0000018d874679a0: 50e9 6300 | 0000 83f8 | 030f 850b | 0000 0041 | 0fbf 0419 | 50e9 4f00 | 0000 83f8 | 050f 851a 
  0x0000018d874679c0: 0000 0049 | 8b04 1948 | 83ec 1048 | 8904 2448 | c744 2408 | 0000 0000 | e92c 0000 | 0083 f806 
  0x0000018d874679e0: 0f85 1400 | 0000 c4c1 | 7a10 0419 | 4883 ec08 | c5fa 1104 | 24e9 0f00 | 0000 c4c1 | 7b10 0419 
  0x0000018d87467a00: 4883 ec10 | c5fb 1104 | 2441 0fb6 | 5d03 4983 | c503 49ba | 3011 ee1d | fd7f 0000 | 41ff 24da 
[/MachCode]

---------------  P R O C E S S  ---------------

Threads class SMR info:
_java_thread_list=0x0000018dfe90eae0, length=1, elements={
0x0000018df1a35040
}

Java Threads: ( => current thread )
=>0x0000018df1a35040 JavaThread "main"                              [_thread_in_vm, id=7716, stack(0x00000039fd000000,0x00000039fd100000) (1024K)]
Total: 1

Other Threads:
  0x0000018dd8009ab0 VMThread "VM Thread"                           [id=2052, stack(0x00000039fd700000,0x00000039fd800000) (1024K)]
  0x0000018dfe90f050 WatcherThread "VM Periodic Task Thread"        [id=12604, stack(0x00000039fd600000,0x00000039fd700000) (1024K)]
  0x0000018df1adae80 WorkerThread "GC Thread#0"                     [id=18172, stack(0x00000039fd100000,0x00000039fd200000) (1024K)]
  0x0000018df1aebf00 ConcurrentGCThread "G1 Main Marker"            [id=10816, stack(0x00000039fd200000,0x00000039fd300000) (1024K)]
  0x0000018df1aed1b0 WorkerThread "G1 Conc#0"                       [id=7908, stack(0x00000039fd300000,0x00000039fd400000) (1024K)]
  0x0000018dfe7e0880 ConcurrentGCThread "G1 Refine#0"               [id=7828, stack(0x00000039fd400000,0x00000039fd500000) (1024K)]
  0x0000018dfe7e1400 ConcurrentGCThread "G1 Service"                [id=4652, stack(0x00000039fd500000,0x00000039fd600000) (1024K)]
Total: 7

Threads with active compile tasks:
Total: 0

VM state: not at safepoint (normal execution)

VM Mutex/Monitor currently owned by a thread: None

Heap address: 0x000000060c000000, size: 8000 MB, Compressed Oops mode: Zero based, Oop shift amount: 3

CDS archive(s) mapped at: [0x0000018d97000000-0x0000018d97c60000-0x0000018d97c60000), size 12976128, SharedBaseAddress: 0x0000018d97000000, ArchiveRelocationMode: 1.
Compressed class space mapped at: 0x0000018d98000000-0x0000018dd8000000, reserved size: 1073741824
Narrow klass base: 0x0000018d97000000, Narrow klass shift: 0, Narrow klass range: 0x41000000

GC Precious Log:
 CardTable entry size: 512
 Card Set container configuration: InlinePtr #cards 4 size 8 Array Of Cards #cards 32 size 80 Howl #buckets 8 coarsen threshold 7372 Howl Bitmap #cards 1024 size 144 coarsen threshold 921 Card regions per heap region 1 cards per card region 8192
 CPUs: 16 total, 16 available
 Memory: 31994M
 Large Page Support: Disabled
 NUMA Support: Disabled
 Compressed Oops: Enabled (Zero based)
 Heap Region Size: 4M
 Heap Min Capacity: 8M
 Heap Initial Capacity: 500M
 Heap Max Capacity: 8000M
 Pre-touch: Disabled
 Parallel Workers: 13
 Concurrent Workers: 3
 Concurrent Refinement Workers: 13
 Periodic GC: Disabled

Heap:
 garbage-first heap   total reserved 8192000K, committed 512000K, used 0K [0x000000060c000000, 0x0000000800000000)
  region size 4096K, 1 young (4096K), 0 survivors (0K)
 Metaspace       used 28K, committed 128K, reserved 1114112K
  class space    used 2K, committed 64K, reserved 1048576K

Heap Regions: E=young(eden), S=young(survivor), O=old, HS=humongous(starts), HC=humongous(continues), CS=collection set, F=free, TAMS=top-at-mark-start, PB=parsable bottom
|   0|0x000000060c000000, 0x000000060c000000, 0x000000060c400000|  0%| F|  |TAMS 0x000000060c000000| PB 0x000000060c000000| Untracked |  0
|   1|0x000000060c400000, 0x000000060c400000, 0x000000060c800000|  0%| F|  |TAMS 0x000000060c400000| PB 0x000000060c400000| Untracked |  0
|   2|0x000000060c800000, 0x000000060c800000, 0x000000060cc00000|  0%| F|  |TAMS 0x000000060c800000| PB 0x000000060c800000| Untracked |  0
|   3|0x000000060cc00000, 0x000000060cc00000, 0x000000060d000000|  0%| F|  |TAMS 0x000000060cc00000| PB 0x000000060cc00000| Untracked |  0
|   4|0x000000060d000000, 0x000000060d000000, 0x000000060d400000|  0%| F|  |TAMS 0x000000060d000000| PB 0x000000060d000000| Untracked |  0
|   5|0x000000060d400000, 0x000000060d400000, 0x000000060d800000|  0%| F|  |TAMS 0x000000060d400000| PB 0x000000060d400000| Untracked |  0
|   6|0x000000060d800000, 0x000000060d800000, 0x000000060dc00000|  0%| F|  |TAMS 0x000000060d800000| PB 0x000000060d800000| Untracked |  0
|   7|0x000000060dc00000, 0x000000060dc00000, 0x000000060e000000|  0%| F|  |TAMS 0x000000060dc00000| PB 0x000000060dc00000| Untracked |  0
|   8|0x000000060e000000, 0x000000060e000000, 0x000000060e400000|  0%| F|  |TAMS 0x000000060e000000| PB 0x000000060e000000| Untracked |  0
|   9|0x000000060e400000, 0x000000060e400000, 0x000000060e800000|  0%| F|  |TAMS 0x000000060e400000| PB 0x000000060e400000| Untracked |  0
|  10|0x000000060e800000, 0x000000060e800000, 0x000000060ec00000|  0%| F|  |TAMS 0x000000060e800000| PB 0x000000060e800000| Untracked |  0
|  11|0x000000060ec00000, 0x000000060ec00000, 0x000000060f000000|  0%| F|  |TAMS 0x000000060ec00000| PB 0x000000060ec00000| Untracked |  0
|  12|0x000000060f000000, 0x000000060f000000, 0x000000060f400000|  0%| F|  |TAMS 0x000000060f000000| PB 0x000000060f000000| Untracked |  0
|  13|0x000000060f400000, 0x000000060f400000, 0x000000060f800000|  0%| F|  |TAMS 0x000000060f400000| PB 0x000000060f400000| Untracked |  0
|  14|0x000000060f800000, 0x000000060f800000, 0x000000060fc00000|  0%| F|  |TAMS 0x000000060f800000| PB 0x000000060f800000| Untracked |  0
|  15|0x000000060fc00000, 0x000000060fc00000, 0x0000000610000000|  0%| F|  |TAMS 0x000000060fc00000| PB 0x000000060fc00000| Untracked |  0
|  16|0x0000000610000000, 0x0000000610000000, 0x0000000610400000|  0%| F|  |TAMS 0x0000000610000000| PB 0x0000000610000000| Untracked |  0
|  17|0x0000000610400000, 0x0000000610400000, 0x0000000610800000|  0%| F|  |TAMS 0x0000000610400000| PB 0x0000000610400000| Untracked |  0
|  18|0x0000000610800000, 0x0000000610800000, 0x0000000610c00000|  0%| F|  |TAMS 0x0000000610800000| PB 0x0000000610800000| Untracked |  0
|  19|0x0000000610c00000, 0x0000000610c00000, 0x0000000611000000|  0%| F|  |TAMS 0x0000000610c00000| PB 0x0000000610c00000| Untracked |  0
|  20|0x0000000611000000, 0x0000000611000000, 0x0000000611400000|  0%| F|  |TAMS 0x0000000611000000| PB 0x0000000611000000| Untracked |  0
|  21|0x0000000611400000, 0x0000000611400000, 0x0000000611800000|  0%| F|  |TAMS 0x0000000611400000| PB 0x0000000611400000| Untracked |  0
|  22|0x0000000611800000, 0x0000000611800000, 0x0000000611c00000|  0%| F|  |TAMS 0x0000000611800000| PB 0x0000000611800000| Untracked |  0
|  23|0x0000000611c00000, 0x0000000611c00000, 0x0000000612000000|  0%| F|  |TAMS 0x0000000611c00000| PB 0x0000000611c00000| Untracked |  0
|  24|0x0000000612000000, 0x0000000612000000, 0x0000000612400000|  0%| F|  |TAMS 0x0000000612000000| PB 0x0000000612000000| Untracked |  0
|  25|0x0000000612400000, 0x0000000612400000, 0x0000000612800000|  0%| F|  |TAMS 0x0000000612400000| PB 0x0000000612400000| Untracked |  0
|  26|0x0000000612800000, 0x0000000612800000, 0x0000000612c00000|  0%| F|  |TAMS 0x0000000612800000| PB 0x0000000612800000| Untracked |  0
|  27|0x0000000612c00000, 0x0000000612c00000, 0x0000000613000000|  0%| F|  |TAMS 0x0000000612c00000| PB 0x0000000612c00000| Untracked |  0
|  28|0x0000000613000000, 0x0000000613000000, 0x0000000613400000|  0%| F|  |TAMS 0x0000000613000000| PB 0x0000000613000000| Untracked |  0
|  29|0x0000000613400000, 0x0000000613400000, 0x0000000613800000|  0%| F|  |TAMS 0x0000000613400000| PB 0x0000000613400000| Untracked |  0
|  30|0x0000000613800000, 0x0000000613800000, 0x0000000613c00000|  0%| F|  |TAMS 0x0000000613800000| PB 0x0000000613800000| Untracked |  0
|  31|0x0000000613c00000, 0x0000000613c00000, 0x0000000614000000|  0%| F|  |TAMS 0x0000000613c00000| PB 0x0000000613c00000| Untracked |  0
|  32|0x0000000614000000, 0x0000000614000000, 0x0000000614400000|  0%| F|  |TAMS 0x0000000614000000| PB 0x0000000614000000| Untracked |  0
|  33|0x0000000614400000, 0x0000000614400000, 0x0000000614800000|  0%| F|  |TAMS 0x0000000614400000| PB 0x0000000614400000| Untracked |  0
|  34|0x0000000614800000, 0x0000000614800000, 0x0000000614c00000|  0%| F|  |TAMS 0x0000000614800000| PB 0x0000000614800000| Untracked |  0
|  35|0x0000000614c00000, 0x0000000614c00000, 0x0000000615000000|  0%| F|  |TAMS 0x0000000614c00000| PB 0x0000000614c00000| Untracked |  0
|  36|0x0000000615000000, 0x0000000615000000, 0x0000000615400000|  0%| F|  |TAMS 0x0000000615000000| PB 0x0000000615000000| Untracked |  0
|  37|0x0000000615400000, 0x0000000615400000, 0x0000000615800000|  0%| F|  |TAMS 0x0000000615400000| PB 0x0000000615400000| Untracked |  0
|  38|0x0000000615800000, 0x0000000615800000, 0x0000000615c00000|  0%| F|  |TAMS 0x0000000615800000| PB 0x0000000615800000| Untracked |  0
|  39|0x0000000615c00000, 0x0000000615c00000, 0x0000000616000000|  0%| F|  |TAMS 0x0000000615c00000| PB 0x0000000615c00000| Untracked |  0
|  40|0x0000000616000000, 0x0000000616000000, 0x0000000616400000|  0%| F|  |TAMS 0x0000000616000000| PB 0x0000000616000000| Untracked |  0
|  41|0x0000000616400000, 0x0000000616400000, 0x0000000616800000|  0%| F|  |TAMS 0x0000000616400000| PB 0x0000000616400000| Untracked |  0
|  42|0x0000000616800000, 0x0000000616800000, 0x0000000616c00000|  0%| F|  |TAMS 0x0000000616800000| PB 0x0000000616800000| Untracked |  0
|  43|0x0000000616c00000, 0x0000000616c00000, 0x0000000617000000|  0%| F|  |TAMS 0x0000000616c00000| PB 0x0000000616c00000| Untracked |  0
|  44|0x0000000617000000, 0x0000000617000000, 0x0000000617400000|  0%| F|  |TAMS 0x0000000617000000| PB 0x0000000617000000| Untracked |  0
|  45|0x0000000617400000, 0x0000000617400000, 0x0000000617800000|  0%| F|  |TAMS 0x0000000617400000| PB 0x0000000617400000| Untracked |  0
|  46|0x0000000617800000, 0x0000000617800000, 0x0000000617c00000|  0%| F|  |TAMS 0x0000000617800000| PB 0x0000000617800000| Untracked |  0
|  47|0x0000000617c00000, 0x0000000617c00000, 0x0000000618000000|  0%| F|  |TAMS 0x0000000617c00000| PB 0x0000000617c00000| Untracked |  0
|  48|0x0000000618000000, 0x0000000618000000, 0x0000000618400000|  0%| F|  |TAMS 0x0000000618000000| PB 0x0000000618000000| Untracked |  0
|  49|0x0000000618400000, 0x0000000618400000, 0x0000000618800000|  0%| F|  |TAMS 0x0000000618400000| PB 0x0000000618400000| Untracked |  0
|  50|0x0000000618800000, 0x0000000618800000, 0x0000000618c00000|  0%| F|  |TAMS 0x0000000618800000| PB 0x0000000618800000| Untracked |  0
|  51|0x0000000618c00000, 0x0000000618c00000, 0x0000000619000000|  0%| F|  |TAMS 0x0000000618c00000| PB 0x0000000618c00000| Untracked |  0
|  52|0x0000000619000000, 0x0000000619000000, 0x0000000619400000|  0%| F|  |TAMS 0x0000000619000000| PB 0x0000000619000000| Untracked |  0
|  53|0x0000000619400000, 0x0000000619400000, 0x0000000619800000|  0%| F|  |TAMS 0x0000000619400000| PB 0x0000000619400000| Untracked |  0
|  54|0x0000000619800000, 0x0000000619800000, 0x0000000619c00000|  0%| F|  |TAMS 0x0000000619800000| PB 0x0000000619800000| Untracked |  0
|  55|0x0000000619c00000, 0x0000000619c00000, 0x000000061a000000|  0%| F|  |TAMS 0x0000000619c00000| PB 0x0000000619c00000| Untracked |  0
|  56|0x000000061a000000, 0x000000061a000000, 0x000000061a400000|  0%| F|  |TAMS 0x000000061a000000| PB 0x000000061a000000| Untracked |  0
|  57|0x000000061a400000, 0x000000061a400000, 0x000000061a800000|  0%| F|  |TAMS 0x000000061a400000| PB 0x000000061a400000| Untracked |  0
|  58|0x000000061a800000, 0x000000061a800000, 0x000000061ac00000|  0%| F|  |TAMS 0x000000061a800000| PB 0x000000061a800000| Untracked |  0
|  59|0x000000061ac00000, 0x000000061ac00000, 0x000000061b000000|  0%| F|  |TAMS 0x000000061ac00000| PB 0x000000061ac00000| Untracked |  0
|  60|0x000000061b000000, 0x000000061b000000, 0x000000061b400000|  0%| F|  |TAMS 0x000000061b000000| PB 0x000000061b000000| Untracked |  0
|  61|0x000000061b400000, 0x000000061b400000, 0x000000061b800000|  0%| F|  |TAMS 0x000000061b400000| PB 0x000000061b400000| Untracked |  0
|  62|0x000000061b800000, 0x000000061b800000, 0x000000061bc00000|  0%| F|  |TAMS 0x000000061b800000| PB 0x000000061b800000| Untracked |  0
|  63|0x000000061bc00000, 0x000000061bc00000, 0x000000061c000000|  0%| F|  |TAMS 0x000000061bc00000| PB 0x000000061bc00000| Untracked |  0
|  64|0x000000061c000000, 0x000000061c000000, 0x000000061c400000|  0%| F|  |TAMS 0x000000061c000000| PB 0x000000061c000000| Untracked |  0
|  65|0x000000061c400000, 0x000000061c400000, 0x000000061c800000|  0%| F|  |TAMS 0x000000061c400000| PB 0x000000061c400000| Untracked |  0
|  66|0x000000061c800000, 0x000000061c800000, 0x000000061cc00000|  0%| F|  |TAMS 0x000000061c800000| PB 0x000000061c800000| Untracked |  0
|  67|0x000000061cc00000, 0x000000061cc00000, 0x000000061d000000|  0%| F|  |TAMS 0x000000061cc00000| PB 0x000000061cc00000| Untracked |  0
|  68|0x000000061d000000, 0x000000061d000000, 0x000000061d400000|  0%| F|  |TAMS 0x000000061d000000| PB 0x000000061d000000| Untracked |  0
|  69|0x000000061d400000, 0x000000061d400000, 0x000000061d800000|  0%| F|  |TAMS 0x000000061d400000| PB 0x000000061d400000| Untracked |  0
|  70|0x000000061d800000, 0x000000061d800000, 0x000000061dc00000|  0%| F|  |TAMS 0x000000061d800000| PB 0x000000061d800000| Untracked |  0
|  71|0x000000061dc00000, 0x000000061dc00000, 0x000000061e000000|  0%| F|  |TAMS 0x000000061dc00000| PB 0x000000061dc00000| Untracked |  0
|  72|0x000000061e000000, 0x000000061e000000, 0x000000061e400000|  0%| F|  |TAMS 0x000000061e000000| PB 0x000000061e000000| Untracked |  0
|  73|0x000000061e400000, 0x000000061e400000, 0x000000061e800000|  0%| F|  |TAMS 0x000000061e400000| PB 0x000000061e400000| Untracked |  0
|  74|0x000000061e800000, 0x000000061e800000, 0x000000061ec00000|  0%| F|  |TAMS 0x000000061e800000| PB 0x000000061e800000| Untracked |  0
|  75|0x000000061ec00000, 0x000000061ec00000, 0x000000061f000000|  0%| F|  |TAMS 0x000000061ec00000| PB 0x000000061ec00000| Untracked |  0
|  76|0x000000061f000000, 0x000000061f000000, 0x000000061f400000|  0%| F|  |TAMS 0x000000061f000000| PB 0x000000061f000000| Untracked |  0
|  77|0x000000061f400000, 0x000000061f400000, 0x000000061f800000|  0%| F|  |TAMS 0x000000061f400000| PB 0x000000061f400000| Untracked |  0
|  78|0x000000061f800000, 0x000000061f800000, 0x000000061fc00000|  0%| F|  |TAMS 0x000000061f800000| PB 0x000000061f800000| Untracked |  0
|  79|0x000000061fc00000, 0x000000061fc00000, 0x0000000620000000|  0%| F|  |TAMS 0x000000061fc00000| PB 0x000000061fc00000| Untracked |  0
|  80|0x0000000620000000, 0x0000000620000000, 0x0000000620400000|  0%| F|  |TAMS 0x0000000620000000| PB 0x0000000620000000| Untracked |  0
|  81|0x0000000620400000, 0x0000000620400000, 0x0000000620800000|  0%| F|  |TAMS 0x0000000620400000| PB 0x0000000620400000| Untracked |  0
|  82|0x0000000620800000, 0x0000000620800000, 0x0000000620c00000|  0%| F|  |TAMS 0x0000000620800000| PB 0x0000000620800000| Untracked |  0
|  83|0x0000000620c00000, 0x0000000620c00000, 0x0000000621000000|  0%| F|  |TAMS 0x0000000620c00000| PB 0x0000000620c00000| Untracked |  0
|  84|0x0000000621000000, 0x0000000621000000, 0x0000000621400000|  0%| F|  |TAMS 0x0000000621000000| PB 0x0000000621000000| Untracked |  0
|  85|0x0000000621400000, 0x0000000621400000, 0x0000000621800000|  0%| F|  |TAMS 0x0000000621400000| PB 0x0000000621400000| Untracked |  0
|  86|0x0000000621800000, 0x0000000621800000, 0x0000000621c00000|  0%| F|  |TAMS 0x0000000621800000| PB 0x0000000621800000| Untracked |  0
|  87|0x0000000621c00000, 0x0000000621c00000, 0x0000000622000000|  0%| F|  |TAMS 0x0000000621c00000| PB 0x0000000621c00000| Untracked |  0
|  88|0x0000000622000000, 0x0000000622000000, 0x0000000622400000|  0%| F|  |TAMS 0x0000000622000000| PB 0x0000000622000000| Untracked |  0
|  89|0x0000000622400000, 0x0000000622400000, 0x0000000622800000|  0%| F|  |TAMS 0x0000000622400000| PB 0x0000000622400000| Untracked |  0
|  90|0x0000000622800000, 0x0000000622800000, 0x0000000622c00000|  0%| F|  |TAMS 0x0000000622800000| PB 0x0000000622800000| Untracked |  0
|  91|0x0000000622c00000, 0x0000000622c00000, 0x0000000623000000|  0%| F|  |TAMS 0x0000000622c00000| PB 0x0000000622c00000| Untracked |  0
|  92|0x0000000623000000, 0x0000000623000000, 0x0000000623400000|  0%| F|  |TAMS 0x0000000623000000| PB 0x0000000623000000| Untracked |  0
|  93|0x0000000623400000, 0x0000000623400000, 0x0000000623800000|  0%| F|  |TAMS 0x0000000623400000| PB 0x0000000623400000| Untracked |  0
|  94|0x0000000623800000, 0x0000000623800000, 0x0000000623c00000|  0%| F|  |TAMS 0x0000000623800000| PB 0x0000000623800000| Untracked |  0
|  95|0x0000000623c00000, 0x0000000623c00000, 0x0000000624000000|  0%| F|  |TAMS 0x0000000623c00000| PB 0x0000000623c00000| Untracked |  0
|  96|0x0000000624000000, 0x0000000624000000, 0x0000000624400000|  0%| F|  |TAMS 0x0000000624000000| PB 0x0000000624000000| Untracked |  0
|  97|0x0000000624400000, 0x0000000624400000, 0x0000000624800000|  0%| F|  |TAMS 0x0000000624400000| PB 0x0000000624400000| Untracked |  0
|  98|0x0000000624800000, 0x0000000624800000, 0x0000000624c00000|  0%| F|  |TAMS 0x0000000624800000| PB 0x0000000624800000| Untracked |  0
|  99|0x0000000624c00000, 0x0000000624c00000, 0x0000000625000000|  0%| F|  |TAMS 0x0000000624c00000| PB 0x0000000624c00000| Untracked |  0
| 100|0x0000000625000000, 0x0000000625000000, 0x0000000625400000|  0%| F|  |TAMS 0x0000000625000000| PB 0x0000000625000000| Untracked |  0
| 101|0x0000000625400000, 0x0000000625400000, 0x0000000625800000|  0%| F|  |TAMS 0x0000000625400000| PB 0x0000000625400000| Untracked |  0
| 102|0x0000000625800000, 0x0000000625800000, 0x0000000625c00000|  0%| F|  |TAMS 0x0000000625800000| PB 0x0000000625800000| Untracked |  0
| 103|0x0000000625c00000, 0x0000000625c00000, 0x0000000626000000|  0%| F|  |TAMS 0x0000000625c00000| PB 0x0000000625c00000| Untracked |  0
| 104|0x0000000626000000, 0x0000000626000000, 0x0000000626400000|  0%| F|  |TAMS 0x0000000626000000| PB 0x0000000626000000| Untracked |  0
| 105|0x0000000626400000, 0x0000000626400000, 0x0000000626800000|  0%| F|  |TAMS 0x0000000626400000| PB 0x0000000626400000| Untracked |  0
| 106|0x0000000626800000, 0x0000000626800000, 0x0000000626c00000|  0%| F|  |TAMS 0x0000000626800000| PB 0x0000000626800000| Untracked |  0
| 107|0x0000000626c00000, 0x0000000626c00000, 0x0000000627000000|  0%| F|  |TAMS 0x0000000626c00000| PB 0x0000000626c00000| Untracked |  0
| 108|0x0000000627000000, 0x0000000627000000, 0x0000000627400000|  0%| F|  |TAMS 0x0000000627000000| PB 0x0000000627000000| Untracked |  0
| 109|0x0000000627400000, 0x0000000627400000, 0x0000000627800000|  0%| F|  |TAMS 0x0000000627400000| PB 0x0000000627400000| Untracked |  0
| 110|0x0000000627800000, 0x0000000627800000, 0x0000000627c00000|  0%| F|  |TAMS 0x0000000627800000| PB 0x0000000627800000| Untracked |  0
| 111|0x0000000627c00000, 0x0000000627c00000, 0x0000000628000000|  0%| F|  |TAMS 0x0000000627c00000| PB 0x0000000627c00000| Untracked |  0
| 112|0x0000000628000000, 0x0000000628000000, 0x0000000628400000|  0%| F|  |TAMS 0x0000000628000000| PB 0x0000000628000000| Untracked |  0
| 113|0x0000000628400000, 0x0000000628400000, 0x0000000628800000|  0%| F|  |TAMS 0x0000000628400000| PB 0x0000000628400000| Untracked |  0
| 114|0x0000000628800000, 0x0000000628800000, 0x0000000628c00000|  0%| F|  |TAMS 0x0000000628800000| PB 0x0000000628800000| Untracked |  0
| 115|0x0000000628c00000, 0x0000000628c00000, 0x0000000629000000|  0%| F|  |TAMS 0x0000000628c00000| PB 0x0000000628c00000| Untracked |  0
| 116|0x0000000629000000, 0x0000000629000000, 0x0000000629400000|  0%| F|  |TAMS 0x0000000629000000| PB 0x0000000629000000| Untracked |  0
| 117|0x0000000629400000, 0x0000000629400000, 0x0000000629800000|  0%| F|  |TAMS 0x0000000629400000| PB 0x0000000629400000| Untracked |  0
| 118|0x0000000629800000, 0x0000000629800000, 0x0000000629c00000|  0%| F|  |TAMS 0x0000000629800000| PB 0x0000000629800000| Untracked |  0
| 119|0x0000000629c00000, 0x0000000629c00000, 0x000000062a000000|  0%| F|  |TAMS 0x0000000629c00000| PB 0x0000000629c00000| Untracked |  0
| 120|0x000000062a000000, 0x000000062a000000, 0x000000062a400000|  0%| F|  |TAMS 0x000000062a000000| PB 0x000000062a000000| Untracked |  0
| 121|0x000000062a400000, 0x000000062a400000, 0x000000062a800000|  0%| F|  |TAMS 0x000000062a400000| PB 0x000000062a400000| Untracked |  0
| 122|0x000000062a800000, 0x000000062a800000, 0x000000062ac00000|  0%| F|  |TAMS 0x000000062a800000| PB 0x000000062a800000| Untracked |  0
| 123|0x000000062ac00000, 0x000000062ac00000, 0x000000062b000000|  0%| F|  |TAMS 0x000000062ac00000| PB 0x000000062ac00000| Untracked |  0
| 124|0x000000062b000000, 0x000000062b07ae30, 0x000000062b400000| 12%| E|  |TAMS 0x000000062b000000| PB 0x000000062b000000| Complete |  0

Card table byte_map: [0x0000018dfb5a0000,0x0000018dfc540000] _byte_map_base: 0x0000018df8540000

Marking Bits: (CMBitMap*) 0x0000018df1adb590
 Bits: [0x0000018d8f000000, 0x0000018d96d00000)

Polling page: 0x0000018df11f0000

Metaspace:

Usage:
  Non-class:     26.75 KB used.
      Class:      2.09 KB used.
       Both:     28.84 KB used.

Virtual space:
  Non-class space:       64.00 MB reserved,      64.00 KB ( <1%) committed,  1 nodes.
      Class space:        1.00 GB reserved,      64.00 KB ( <1%) committed,  1 nodes.
             Both:        1.06 GB reserved,     128.00 KB ( <1%) committed. 

Chunk freelists:
   Non-Class:  12.00 MB
       Class:  15.75 MB
        Both:  27.75 MB

MaxMetaspaceSize: unlimited
CompressedClassSpaceSize: 1.00 GB
Initial GC threshold: 21.00 MB
Current GC threshold: 17179869184.00 GB
CDS: on
 - commit_granule_bytes: 65536.
 - commit_granule_words: 8192.
 - virtual_space_node_default_size: 8388608.
 - enlarge_chunks_in_place: 1.
 - use_allocation_guard: 0.


Internal statistics:

num_allocs_failed_limit: 0.
num_arena_births: 2.
num_arena_deaths: 0.
num_vsnodes_births: 2.
num_vsnodes_deaths: 0.
num_space_committed: 2.
num_space_uncommitted: 0.
num_chunks_returned_to_freelist: 0.
num_chunks_taken_from_freelist: 3.
num_chunk_merges: 0.
num_chunk_splits: 2.
num_chunks_enlarged: 0.
num_inconsistent_stats: 0.

CodeHeap 'non-profiled nmethods': size=119168Kb used=0Kb max_used=0Kb free=119168Kb
 bounds [0x0000018d87ba0000, 0x0000018d87e10000, 0x0000018d8f000000]
CodeHeap 'profiled nmethods': size=119104Kb used=0Kb max_used=0Kb free=119104Kb
 bounds [0x0000018d80000000, 0x0000018d80270000, 0x0000018d87450000]
CodeHeap 'non-nmethods': size=7488Kb used=428Kb max_used=428Kb free=7059Kb
 bounds [0x0000018d87450000, 0x0000018d876c0000, 0x0000018d87ba0000]
 total_blobs=177 nmethods=0 adapters=147
 compilation: enabled
              stopped_count=0, restarted_count=0
 full_count=0

Compilation events (0 events):
No events

GC Heap History (0 events):
No events

Dll operation events (1 events):
Event: 0.006 Loaded shared library C:\Program Files\Java\jdk-22\bin\java.dll

Deoptimization events (0 events):
No events

Classes loaded (4 events):
Event: 0.024 Loading class sun/nio/cs/MS1250
Event: 0.024 Loading class sun/nio/cs/MS1250 done
Event: 0.024 Loading class sun/nio/cs/MS1250$Holder
Event: 0.024 Loading class sun/nio/cs/MS1250$Holder done

Classes unloaded (0 events):
No events

Classes redefined (0 events):
No events

Internal exceptions (0 events):
No events

ZGC Phase Switch (0 events):
No events

VM Operations (0 events):
No events

Memory protections (0 events):
No events

Nmethod flushes (0 events):
No events

Events (1 events):
Event: 0.015 Thread 0x0000018df1a35040 Thread added: 0x0000018df1a35040


Dynamic libraries:
0x00007ff7648c0000 - 0x00007ff7648d0000 	C:\Program Files\Java\jdk-22\bin\java.exe
0x00007ffde2b50000 - 0x00007ffde2d67000 	C:\WINDOWS\SYSTEM32\ntdll.dll
0x00007ffdaccf0000 - 0x00007ffdacd0a000 	C:\Program Files\Avast Software\Avast\aswhook.dll
0x00007ffde1720000 - 0x00007ffde17e4000 	C:\WINDOWS\System32\KERNEL32.DLL
0x00007ffde04d0000 - 0x00007ffde087d000 	C:\WINDOWS\System32\KERNELBASE.dll
0x00007ffddfe70000 - 0x00007ffddff81000 	C:\WINDOWS\System32\ucrtbase.dll
0x00007ffdc7700000 - 0x00007ffdc7717000 	C:\Program Files\Java\jdk-22\bin\jli.dll
0x00007ffdda290000 - 0x00007ffdda2ab000 	C:\Program Files\Java\jdk-22\bin\VCRUNTIME140.dll
0x00007ffde2950000 - 0x00007ffde2afe000 	C:\WINDOWS\System32\USER32.dll
0x00007ffddf3b0000 - 0x00007ffddf643000 	C:\WINDOWS\WinSxS\amd64_microsoft.windows.common-controls_6595b64144ccf1df_6.0.22621.3672_none_2713b9d173822955\COMCTL32.dll
0x00007ffde00b0000 - 0x00007ffde00d6000 	C:\WINDOWS\System32\win32u.dll
0x00007ffde24e0000 - 0x00007ffde2587000 	C:\WINDOWS\System32\msvcrt.dll
0x00007ffde0880000 - 0x00007ffde08a9000 	C:\WINDOWS\System32\GDI32.dll
0x00007ffde00e0000 - 0x00007ffde01f9000 	C:\WINDOWS\System32\gdi32full.dll
0x00007ffde0200000 - 0x00007ffde029a000 	C:\WINDOWS\System32\msvcp_win.dll
0x00007ffde1350000 - 0x00007ffde1381000 	C:\WINDOWS\System32\IMM32.DLL
0x00007ffdd9bf0000 - 0x00007ffdd9bfc000 	C:\Program Files\Java\jdk-22\bin\vcruntime140_1.dll
0x00007ffd1e620000 - 0x00007ffd1e6ae000 	C:\Program Files\Java\jdk-22\bin\msvcp140.dll
0x00007ffd1d260000 - 0x00007ffd1dfa9000 	C:\Program Files\Java\jdk-22\bin\server\jvm.dll
0x00007ffde15d0000 - 0x00007ffde1682000 	C:\WINDOWS\System32\ADVAPI32.dll
0x00007ffde25f0000 - 0x00007ffde2699000 	C:\WINDOWS\System32\sechost.dll
0x00007ffde0080000 - 0x00007ffde00a8000 	C:\WINDOWS\System32\bcrypt.dll
0x00007ffde08b0000 - 0x00007ffde09c4000 	C:\WINDOWS\System32\RPCRT4.dll
0x00007ffde2870000 - 0x00007ffde28e1000 	C:\WINDOWS\System32\WS2_32.dll
0x00007ffddac90000 - 0x00007ffddac9a000 	C:\WINDOWS\SYSTEM32\VERSION.dll
0x00007ffdda880000 - 0x00007ffdda8b4000 	C:\WINDOWS\SYSTEM32\WINMM.dll
0x00007ffddf780000 - 0x00007ffddf7cd000 	C:\WINDOWS\SYSTEM32\POWRPROF.dll
0x00007ffddf650000 - 0x00007ffddf663000 	C:\WINDOWS\SYSTEM32\UMPDC.dll
0x00007ffdde620000 - 0x00007ffdde638000 	C:\WINDOWS\SYSTEM32\kernel.appcore.dll
0x00007ffdb1490000 - 0x00007ffdb149a000 	C:\Program Files\Java\jdk-22\bin\jimage.dll
0x00007ffddf7d0000 - 0x00007ffddfa02000 	C:\WINDOWS\SYSTEM32\DBGHELP.DLL
0x00007ffde0d70000 - 0x00007ffde10fe000 	C:\WINDOWS\System32\combase.dll
0x00007ffde1220000 - 0x00007ffde12f7000 	C:\WINDOWS\System32\OLEAUT32.dll
0x00007ffddf670000 - 0x00007ffddf6a2000 	C:\WINDOWS\SYSTEM32\dbgcore.DLL
0x00007ffddff90000 - 0x00007ffde000b000 	C:\WINDOWS\System32\bcryptPrimitives.dll
0x00007ffdb1470000 - 0x00007ffdb148e000 	C:\Program Files\Java\jdk-22\bin\java.dll
0x00007ffde17f0000 - 0x00007ffde2057000 	C:\WINDOWS\System32\SHELL32.dll
0x00007ffde1410000 - 0x00007ffde15b5000 	C:\WINDOWS\System32\ole32.dll
0x00007ffddd3a0000 - 0x00007ffdddc9f000 	C:\WINDOWS\SYSTEM32\windows.storage.dll
0x00007ffddd260000 - 0x00007ffddd39f000 	C:\WINDOWS\SYSTEM32\wintypes.dll
0x00007ffde0bc0000 - 0x00007ffde0cb9000 	C:\WINDOWS\System32\SHCORE.dll
0x00007ffde1690000 - 0x00007ffde16ee000 	C:\WINDOWS\System32\shlwapi.dll
0x00007ffddfda0000 - 0x00007ffddfdc7000 	C:\WINDOWS\SYSTEM32\profapi.dll

dbghelp: loaded successfully - version: 4.0.5 - missing functions: none
symbol engine: initialized successfully - sym options: 0x614 - pdb path: .;C:\Program Files\Java\jdk-22\bin;C:\WINDOWS\SYSTEM32;C:\Program Files\Avast Software\Avast;C:\WINDOWS\WinSxS\amd64_microsoft.windows.common-controls_6595b64144ccf1df_6.0.22621.3672_none_2713b9d173822955;C:\Program Files\Java\jdk-22\bin\server

VM Arguments:
java_command: <unknown>
java_class_path (initial): <not set>
Launcher Type: SUN_STANDARD

[Global flags]
     intx CICompilerCount                          = 12                                        {product} {ergonomic}
     uint ConcGCThreads                            = 3                                         {product} {ergonomic}
     uint G1ConcRefinementThreads                  = 13                                        {product} {ergonomic}
   size_t G1HeapRegionSize                         = 4194304                                   {product} {ergonomic}
   size_t InitialHeapSize                          = 524288000                                 {product} {ergonomic}
   size_t MarkStackSize                            = 4194304                                   {product} {ergonomic}
   size_t MaxHeapSize                              = 8388608000                                {product} {ergonomic}
   size_t MaxNewSize                               = 5033164800                                {product} {ergonomic}
   size_t MinHeapDeltaBytes                        = 4194304                                   {product} {ergonomic}
   size_t MinHeapSize                              = 8388608                                   {product} {ergonomic}
    uintx NonNMethodCodeHeapSize                   = 7602480                                {pd product} {ergonomic}
    uintx NonProfiledCodeHeapSize                  = 122027880                              {pd product} {ergonomic}
    uintx ProfiledCodeHeapSize                     = 122027880                              {pd product} {ergonomic}
    uintx ReservedCodeCacheSize                    = 251658240                              {pd product} {ergonomic}
     bool SegmentedCodeCache                       = true                                      {product} {ergonomic}
   size_t SoftMaxHeapSize                          = 8388608000                             {manageable} {ergonomic}
     bool UseCompressedOops                        = true                           {product lp64_product} {ergonomic}
     bool UseG1GC                                  = true                                      {product} {ergonomic}
     bool UseLargePagesIndividualAllocation        = false                                  {pd product} {ergonomic}

Logging:
Log output configuration:
 #0: stdout all=warning uptime,level,tags foldmultilines=false
 #1: stderr all=off uptime,level,tags foldmultilines=false

Environment Variables:
PATH=C:\Users\Patryk\Desktop\book-store\app\node_modules\.bin;C:\Users\Patryk\Desktop\book-store\node_modules\.bin;C:\Users\Patryk\Desktop\node_modules\.bin;C:\Users\Patryk\node_modules\.bin;C:\Users\node_modules\.bin;C:\node_modules\.bin;C:\Users\Patryk\AppData\Roaming\nvm\v20.15.1\node_modules\npm\node_modules\@npmcli\run-script\lib\node-gyp-bin;C:\Program Files\Common Files\Oracle\Java\javapath;C:\Program Files (x86)\Common Files\Oracle\Java\java8path;C:\Program Files (x86)\Common Files\Oracle\Java\javapath;C:\WINDOWS\system32;C:\WINDOWS;C:\WINDOWS\System32\Wbem;C:\WINDOWS\System32\WindowsPowerShell\v1.0\;C:\WINDOWS\System32\OpenSSH\;C:\Program Files\Git\cmd;C:\Users\Patryk\AppData\Roaming\nvm;C:\Program Files\nodejs;C:\Program Files (x86)\NVIDIA Corporation\PhysX\Common;C:\Program Files\NVIDIA Corporation\NVIDIA NvDLISR;C:\Users\Patryk\AppData\Local\Android\Sdk\build-tools;C:\Users\Patryk\AppData\Local\Microsoft\WindowsApps;C:\Users\Patryk\AppData\Local\Programs\Microsoft VS Code\bin;C:\Users\Patryk\AppData\Roaming\npm;C:\Users\Patryk\AppData\Roaming\nvm;C:\Program Files\nodejs;
USERNAME=Patryk
LANG=en_US.UTF-8
OS=Windows_NT
PROCESSOR_IDENTIFIER=AMD64 Family 25 Model 68 Stepping 1, AuthenticAMD
TMP=C:\Users\Patryk\AppData\Local\Temp
TEMP=C:\Users\Patryk\AppData\Local\Temp




Periodic native trim disabled

---------------  S Y S T E M  ---------------

OS:
 Windows 11 , 64 bit Build 22621 (10.0.22621.3958)
OS uptime: 0 days 0:43 hours
Hyper-V role detected

CPU: total 16 (initial active 16) (16 cores per cpu, 2 threads per core) family 25 model 68 stepping 1 microcode 0x0, cx8, cmov, fxsr, ht, mmx, 3dnowpref, sse, sse2, sse3, ssse3, sse4a, sse4.1, sse4.2, popcnt, lzcnt, tsc, tscinvbit, avx, avx2, aes, erms, clmul, bmi1, bmi2, adx, sha, fma, vzeroupper, clflush, clflushopt, hv, rdtscp, rdpid, fsrm, f16c, cet_ss
Processor Information for processor 0
  Max Mhz: 3201, Current Mhz: 3201, Mhz Limit: 3201
Processor Information for processor 1
  Max Mhz: 3201, Current Mhz: 3201, Mhz Limit: 3201
Processor Information for processor 2
  Max Mhz: 3201, Current Mhz: 2560, Mhz Limit: 3201
Processor Information for processor 3
  Max Mhz: 3201, Current Mhz: 2560, Mhz Limit: 3201
Processor Information for processor 4
  Max Mhz: 3201, Current Mhz: 3201, Mhz Limit: 3201
Processor Information for processor 5
  Max Mhz: 3201, Current Mhz: 3201, Mhz Limit: 3201
Processor Information for processor 6
  Max Mhz: 3201, Current Mhz: 2560, Mhz Limit: 3201
Processor Information for processor 7
  Max Mhz: 3201, Current Mhz: 3201, Mhz Limit: 3201
Processor Information for processor 8
  Max Mhz: 3201, Current Mhz: 2560, Mhz Limit: 3201
Processor Information for processor 9
  Max Mhz: 3201, Current Mhz: 3201, Mhz Limit: 3201
Processor Information for processor 10
  Max Mhz: 3201, Current Mhz: 3201, Mhz Limit: 3201
Processor Information for processor 11
  Max Mhz: 3201, Current Mhz: 3201, Mhz Limit: 3201
Processor Information for processor 12
  Max Mhz: 3201, Current Mhz: 2560, Mhz Limit: 3201
Processor Information for processor 13
  Max Mhz: 3201, Current Mhz: 2560, Mhz Limit: 3201
Processor Information for processor 14
  Max Mhz: 3201, Current Mhz: 3201, Mhz Limit: 3201
Processor Information for processor 15
  Max Mhz: 3201, Current Mhz: 2560, Mhz Limit: 3201

Memory: 4k page, system-wide physical 31994M (20452M free)
TotalPageFile size 34042M (AvailPageFile size 20903M)
current process WorkingSet (physical memory assigned to process): 31M, peak: 31M
current process commit charge ("private bytes"): 597M, peak: 597M

vm_info: Java HotSpot(TM) 64-Bit Server VM (22.0.2+9-70) for windows-amd64 JRE (22.0.2+9-70), built on 2024-06-04T16:52:23Z by "mach5one" with MS VC++ 17.6 (VS2022)

END.
